{"/Users/valter/Desktop/library/js/consts.js": {"path":"/Users/valter/Desktop/library/js/consts.js","all":false,"statementMap":{"0":{"start":{"line":1,"column":0},"end":{"line":1,"column":26}},"1":{"start":{"line":2,"column":0},"end":{"line":2,"column":9}},"2":{"start":{"line":3,"column":0},"end":{"line":3,"column":19}},"3":{"start":{"line":4,"column":0},"end":{"line":4,"column":13}},"4":{"start":{"line":5,"column":0},"end":{"line":5,"column":24}},"5":{"start":{"line":6,"column":0},"end":{"line":6,"column":15}},"6":{"start":{"line":7,"column":0},"end":{"line":7,"column":1}},"7":{"start":{"line":8,"column":0},"end":{"line":8,"column":0}},"8":{"start":{"line":9,"column":0},"end":{"line":9,"column":26}},"9":{"start":{"line":10,"column":0},"end":{"line":10,"column":9}},"10":{"start":{"line":11,"column":0},"end":{"line":11,"column":23}},"11":{"start":{"line":12,"column":0},"end":{"line":12,"column":14}},"12":{"start":{"line":13,"column":0},"end":{"line":13,"column":28}},"13":{"start":{"line":14,"column":0},"end":{"line":14,"column":14}},"14":{"start":{"line":15,"column":0},"end":{"line":15,"column":1}},"15":{"start":{"line":16,"column":0},"end":{"line":16,"column":0}},"16":{"start":{"line":17,"column":0},"end":{"line":17,"column":128}}},"s":{"0":1,"1":1,"2":1,"3":1,"4":1,"5":1,"6":1,"7":1,"8":1,"9":1,"10":1,"11":1,"12":1,"13":1,"14":1,"15":1,"16":1},"branchMap":{},"b":{},"fnMap":{},"f":{}}
,"/Users/valter/Desktop/library/js/Book/Book.js": {"path":"/Users/valter/Desktop/library/js/Book/Book.js","all":false,"statementMap":{"0":{"start":{"line":1,"column":0},"end":{"line":1,"column":29}},"1":{"start":{"line":2,"column":0},"end":{"line":2,"column":10}},"2":{"start":{"line":3,"column":0},"end":{"line":3,"column":13}},"3":{"start":{"line":4,"column":0},"end":{"line":4,"column":12}},"4":{"start":{"line":5,"column":0},"end":{"line":5,"column":13}},"5":{"start":{"line":6,"column":0},"end":{"line":6,"column":17}},"6":{"start":{"line":7,"column":0},"end":{"line":7,"column":0}},"7":{"start":{"line":8,"column":0},"end":{"line":8,"column":22}},"8":{"start":{"line":9,"column":0},"end":{"line":9,"column":22}},"9":{"start":{"line":10,"column":0},"end":{"line":10,"column":28}},"10":{"start":{"line":11,"column":0},"end":{"line":11,"column":28}},"11":{"start":{"line":12,"column":0},"end":{"line":12,"column":30}},"12":{"start":{"line":13,"column":0},"end":{"line":13,"column":30}},"13":{"start":{"line":14,"column":0},"end":{"line":14,"column":3}},"14":{"start":{"line":15,"column":0},"end":{"line":15,"column":2}},"15":{"start":{"line":16,"column":0},"end":{"line":16,"column":144}},"16":{"start":{"line":17,"column":0},"end":{"line":17,"column":24}},"17":{"start":{"line":18,"column":0},"end":{"line":18,"column":31}},"18":{"start":{"line":19,"column":0},"end":{"line":19,"column":30}},"19":{"start":{"line":20,"column":0},"end":{"line":20,"column":43}},"20":{"start":{"line":21,"column":0},"end":{"line":21,"column":30}},"21":{"start":{"line":22,"column":0},"end":{"line":22,"column":43}},"22":{"start":{"line":23,"column":0},"end":{"line":23,"column":32}},"23":{"start":{"line":24,"column":0},"end":{"line":24,"column":47}},"24":{"start":{"line":25,"column":0},"end":{"line":25,"column":32}},"25":{"start":{"line":26,"column":0},"end":{"line":26,"column":47}},"26":{"start":{"line":27,"column":0},"end":{"line":27,"column":48}},"27":{"start":{"line":28,"column":0},"end":{"line":28,"column":1}}},"s":{"0":1,"1":1,"2":1,"3":1,"4":1,"5":1,"6":1,"7":1,"8":1,"9":1,"10":1,"11":1,"12":1,"13":1,"14":1,"15":1,"16":1,"17":1,"18":1,"19":1,"20":1,"21":1,"22":1,"23":1,"24":1,"25":1,"26":1,"27":1},"branchMap":{"0":{"type":"branch","line":2,"loc":{"start":{"line":2,"column":2},"end":{"line":27,"column":47}},"locations":[{"start":{"line":2,"column":2},"end":{"line":27,"column":47}}]},"1":{"type":"branch","line":8,"loc":{"start":{"line":8,"column":2},"end":{"line":14,"column":3}},"locations":[{"start":{"line":8,"column":2},"end":{"line":14,"column":3}}]},"2":{"type":"branch","line":16,"loc":{"start":{"line":16,"column":13},"end":{"line":16,"column":144}},"locations":[{"start":{"line":16,"column":13},"end":{"line":16,"column":144}}]},"3":{"type":"branch","line":17,"loc":{"start":{"line":17,"column":10},"end":{"line":17,"column":23}},"locations":[{"start":{"line":17,"column":10},"end":{"line":17,"column":23}}]},"4":{"type":"branch","line":18,"loc":{"start":{"line":18,"column":11},"end":{"line":18,"column":30}},"locations":[{"start":{"line":18,"column":11},"end":{"line":18,"column":30}}]},"5":{"type":"branch","line":19,"loc":{"start":{"line":19,"column":13},"end":{"line":19,"column":29}},"locations":[{"start":{"line":19,"column":13},"end":{"line":19,"column":29}}]},"6":{"type":"branch","line":20,"loc":{"start":{"line":20,"column":14},"end":{"line":20,"column":42}},"locations":[{"start":{"line":20,"column":14},"end":{"line":20,"column":42}}]},"7":{"type":"branch","line":21,"loc":{"start":{"line":21,"column":13},"end":{"line":21,"column":29}},"locations":[{"start":{"line":21,"column":13},"end":{"line":21,"column":29}}]},"8":{"type":"branch","line":22,"loc":{"start":{"line":22,"column":14},"end":{"line":22,"column":42}},"locations":[{"start":{"line":22,"column":14},"end":{"line":22,"column":42}}]},"9":{"type":"branch","line":23,"loc":{"start":{"line":23,"column":14},"end":{"line":23,"column":31}},"locations":[{"start":{"line":23,"column":14},"end":{"line":23,"column":31}}]},"10":{"type":"branch","line":24,"loc":{"start":{"line":24,"column":15},"end":{"line":24,"column":46}},"locations":[{"start":{"line":24,"column":15},"end":{"line":24,"column":46}}]},"11":{"type":"branch","line":25,"loc":{"start":{"line":25,"column":14},"end":{"line":25,"column":31}},"locations":[{"start":{"line":25,"column":14},"end":{"line":25,"column":31}}]},"12":{"type":"branch","line":26,"loc":{"start":{"line":26,"column":15},"end":{"line":26,"column":46}},"locations":[{"start":{"line":26,"column":15},"end":{"line":26,"column":46}}]},"13":{"type":"branch","line":27,"loc":{"start":{"line":27,"column":15},"end":{"line":27,"column":47}},"locations":[{"start":{"line":27,"column":15},"end":{"line":27,"column":47}}]}},"b":{"0":[1],"1":[1],"2":[1],"3":[3],"4":[1],"5":[3],"6":[1],"7":[3],"8":[1],"9":[3],"10":[1],"11":[3],"12":[1],"13":[1]},"fnMap":{"0":{"name":"<instance_members_initializer>","decl":{"start":{"line":2,"column":2},"end":{"line":27,"column":47}},"loc":{"start":{"line":2,"column":2},"end":{"line":27,"column":47}},"line":2},"1":{"name":"Book","decl":{"start":{"line":8,"column":2},"end":{"line":14,"column":3}},"loc":{"start":{"line":8,"column":2},"end":{"line":14,"column":3}},"line":8},"2":{"name":"toString","decl":{"start":{"line":16,"column":13},"end":{"line":16,"column":144}},"loc":{"start":{"line":16,"column":13},"end":{"line":16,"column":144}},"line":16},"3":{"name":"getId","decl":{"start":{"line":17,"column":10},"end":{"line":17,"column":23}},"loc":{"start":{"line":17,"column":10},"end":{"line":17,"column":23}},"line":17},"4":{"name":"setId","decl":{"start":{"line":18,"column":11},"end":{"line":18,"column":30}},"loc":{"start":{"line":18,"column":11},"end":{"line":18,"column":30}},"line":18},"5":{"name":"getTitle","decl":{"start":{"line":19,"column":13},"end":{"line":19,"column":29}},"loc":{"start":{"line":19,"column":13},"end":{"line":19,"column":29}},"line":19},"6":{"name":"setTitle","decl":{"start":{"line":20,"column":14},"end":{"line":20,"column":42}},"loc":{"start":{"line":20,"column":14},"end":{"line":20,"column":42}},"line":20},"7":{"name":"getPages","decl":{"start":{"line":21,"column":13},"end":{"line":21,"column":29}},"loc":{"start":{"line":21,"column":13},"end":{"line":21,"column":29}},"line":21},"8":{"name":"setPages","decl":{"start":{"line":22,"column":14},"end":{"line":22,"column":42}},"loc":{"start":{"line":22,"column":14},"end":{"line":22,"column":42}},"line":22},"9":{"name":"getAuthor","decl":{"start":{"line":23,"column":14},"end":{"line":23,"column":31}},"loc":{"start":{"line":23,"column":14},"end":{"line":23,"column":31}},"line":23},"10":{"name":"setAuthor","decl":{"start":{"line":24,"column":15},"end":{"line":24,"column":46}},"loc":{"start":{"line":24,"column":15},"end":{"line":24,"column":46}},"line":24},"11":{"name":"getIsRead","decl":{"start":{"line":25,"column":14},"end":{"line":25,"column":31}},"loc":{"start":{"line":25,"column":14},"end":{"line":25,"column":31}},"line":25},"12":{"name":"setIsRead","decl":{"start":{"line":26,"column":15},"end":{"line":26,"column":46}},"loc":{"start":{"line":26,"column":15},"end":{"line":26,"column":46}},"line":26},"13":{"name":"toogleRead","decl":{"start":{"line":27,"column":15},"end":{"line":27,"column":47}},"loc":{"start":{"line":27,"column":15},"end":{"line":27,"column":47}},"line":27}},"f":{"0":1,"1":1,"2":1,"3":3,"4":1,"5":3,"6":1,"7":3,"8":1,"9":3,"10":1,"11":3,"12":1,"13":1}}
}
