TN:
SF:js/consts.js
FNF:0
FNH:0
DA:1,1
DA:2,1
DA:3,1
DA:4,1
DA:5,1
DA:6,1
DA:7,1
DA:8,1
DA:9,1
DA:10,1
DA:11,1
DA:12,1
DA:13,1
DA:14,1
DA:15,1
DA:16,1
DA:17,1
LF:17
LH:17
BRF:0
BRH:0
end_of_record
TN:
SF:js/Book/Book.js
FN:2,<instance_members_initializer>
FN:8,Book
FN:16,toString
FN:17,getId
FN:18,setId
FN:19,getTitle
FN:20,setTitle
FN:21,getPages
FN:22,setPages
FN:23,getAuthor
FN:24,setAuthor
FN:25,getIsRead
FN:26,setIsRead
FN:27,toogleRead
FNF:14
FNH:14
FNDA:8,<instance_members_initializer>
FNDA:8,Book
FNDA:1,toString
FNDA:3,getId
FNDA:1,setId
FNDA:3,getTitle
FNDA:1,setTitle
FNDA:3,getPages
FNDA:1,setPages
FNDA:3,getAuthor
FNDA:1,setAuthor
FNDA:3,getIsRead
FNDA:1,setIsRead
FNDA:1,toogleRead
DA:1,1
DA:2,1
DA:3,8
DA:4,8
DA:5,8
DA:6,8
DA:7,8
DA:8,8
DA:9,8
DA:10,8
DA:11,8
DA:12,8
DA:13,8
DA:14,8
DA:15,8
DA:16,8
DA:17,8
DA:18,8
DA:19,8
DA:20,8
DA:21,8
DA:22,8
DA:23,8
DA:24,8
DA:25,8
DA:26,8
DA:27,1
DA:28,1
LF:28
LH:28
BRDA:2,0,0,8
BRDA:8,1,0,8
BRDA:16,2,0,1
BRDA:17,3,0,3
BRDA:18,4,0,1
BRDA:19,5,0,3
BRDA:20,6,0,1
BRDA:21,7,0,3
BRDA:22,8,0,1
BRDA:23,9,0,3
BRDA:24,10,0,1
BRDA:25,11,0,3
BRDA:26,12,0,1
BRDA:27,13,0,1
BRF:14
BRH:14
end_of_record
TN:
SF:js/Library/Library.js
FN:7,<instance_members_initializer>
FN:8,Library
FN:12,loadBooks
FN:22,getBooks
FN:24,setBooks
FN:26,persist
FN:30,getTotalRead
FN:36,add
FN:41,remove
FNF:9
FNH:9
FNDA:4,<instance_members_initializer>
FNDA:4,Library
FNDA:4,loadBooks
FNDA:14,getBooks
FNDA:4,setBooks
FNDA:4,persist
FNDA:2,getTotalRead
FNDA:3,add
FNDA:1,remove
DA:1,1
DA:2,1
DA:3,1
DA:4,1
DA:5,1
DA:6,1
DA:7,1
DA:8,4
DA:9,4
DA:10,4
DA:11,4
DA:12,4
DA:13,4
DA:14,4
DA:15,4
DA:16,4
DA:17,4
DA:18,4
DA:19,4
DA:20,4
DA:21,4
DA:22,4
DA:23,4
DA:24,4
DA:25,4
DA:26,4
DA:27,4
DA:28,4
DA:29,4
DA:30,4
DA:31,2
DA:32,2
DA:33,2
DA:34,4
DA:35,4
DA:36,4
DA:37,3
DA:38,3
DA:39,3
DA:40,4
DA:41,4
DA:42,1
DA:43,1
DA:44,1
DA:45,1
LF:45
LH:45
BRDA:7,0,0,4
BRDA:8,1,0,4
BRDA:12,2,0,4
BRDA:17,3,0,3
BRDA:19,4,0,1
BRDA:17,5,0,4
BRDA:22,6,0,14
BRDA:24,7,0,4
BRDA:26,8,0,4
BRDA:30,9,0,2
BRDA:33,10,0,3
BRDA:33,11,0,2
BRDA:33,12,0,1
BRDA:36,13,0,3
BRDA:41,14,0,1
BRDA:42,15,0,2
BRF:16
BRH:16
end_of_record
TN:
SF:js/assigment/AnalizeArray/AnalizeArray.js
FN:2,AnalizeArray
FN:6,<instance_members_initializer>
FN:6,getArr
FN:8,get
FN:17,length
FN:19,min
FN:21,max
FN:23,average
FNF:8
FNH:7
FNDA:1,AnalizeArray
FNDA:1,<instance_members_initializer>
FNDA:1,getArr
FNDA:1,get
FNDA:0,length
FNDA:2,min
FNDA:2,max
FNDA:1,average
DA:1,1
DA:2,1
DA:3,1
DA:4,1
DA:5,1
DA:6,1
DA:7,1
DA:8,1
DA:9,1
DA:10,1
DA:11,1
DA:12,1
DA:13,1
DA:14,1
DA:15,1
DA:16,1
DA:17,1
DA:18,1
DA:19,1
DA:20,1
DA:21,1
DA:22,1
DA:23,1
DA:24,1
LF:24
LH:24
BRDA:2,0,0,1
BRDA:6,1,0,1
BRDA:6,2,0,1
BRDA:8,3,0,1
BRDA:19,4,0,2
BRDA:19,5,0,10
BRDA:19,6,0,0
BRDA:21,7,0,2
BRDA:21,8,0,17
BRDA:21,9,0,6
BRDA:21,10,0,11
BRDA:23,11,0,1
BRDA:23,12,0,6
BRF:13
BRH:12
end_of_record
TN:
SF:js/assigment/Calculator/Calculator.js
FN:3,<instance_members_initializer>
FN:3,sum
FN:4,sub
FN:5,multiply
FN:6,division
FNF:5
FNH:5
FNDA:1,<instance_members_initializer>
FNDA:4,sum
FNDA:4,sub
FNDA:4,multiply
FNDA:4,division
DA:1,1
DA:2,1
DA:3,1
DA:4,1
DA:5,1
DA:6,1
DA:7,1
LF:7
LH:7
BRDA:3,0,0,1
BRDA:3,1,0,4
BRDA:4,2,0,4
BRDA:5,3,0,4
BRDA:6,4,0,4
BRF:5
BRH:5
end_of_record
TN:
SF:js/assigment/Capitalize/Capitalize.js
FN:2,Capitalize
FN:6,<instance_members_initializer>
FN:6,capitalize
FNF:3
FNH:3
FNDA:2,Capitalize
FNDA:2,<instance_members_initializer>
FNDA:2,capitalize
DA:1,1
DA:2,1
DA:3,2
DA:4,2
DA:5,1
DA:6,1
DA:7,2
DA:8,2
DA:9,1
DA:10,1
LF:10
LH:10
BRDA:2,0,0,2
BRDA:3,1,0,1
BRDA:6,2,0,2
BRDA:6,3,0,2
BRDA:7,4,0,1
BRDA:7,5,0,1
BRF:6
BRH:6
end_of_record
TN:
SF:js/assigment/Cipher/Cipher.js
FN:2,<static_initializer>
FN:4,Cipher
FN:8,<instance_members_initializer>
FN:8,setSwift
FN:9,getSwift
FN:11,cipher
FN:40,unCipher
FNF:7
FNH:7
FNDA:1,<static_initializer>
FNDA:1,Cipher
FNDA:1,<instance_members_initializer>
FNDA:1,setSwift
FNDA:1,getSwift
FNDA:6,cipher
FNDA:3,unCipher
DA:1,1
DA:2,1
DA:3,1
DA:4,1
DA:5,1
DA:6,1
DA:7,1
DA:8,1
DA:9,1
DA:10,1
DA:11,1
DA:12,6
DA:13,1
DA:14,1
DA:15,6
DA:16,1
DA:17,1
DA:18,4
DA:19,4
DA:20,50
DA:21,50
DA:22,50
DA:23,6
DA:24,50
DA:25,44
DA:26,44
DA:27,44
DA:28,4
DA:29,4
DA:30,44
DA:31,44
DA:32,40
DA:33,44
DA:34,44
DA:35,4
DA:36,4
DA:37,4
DA:38,4
DA:39,1
DA:40,1
DA:41,3
DA:42,1
DA:43,1
DA:44,3
DA:45,1
DA:46,1
DA:47,1
DA:48,1
DA:49,6
DA:50,6
DA:51,6
DA:52,1
DA:53,6
DA:54,5
DA:55,5
DA:56,5
DA:57,1
DA:58,1
DA:59,5
DA:60,5
DA:61,4
DA:62,5
DA:63,5
DA:64,1
DA:65,1
DA:66,1
DA:67,1
DA:68,1
LF:68
LH:68
BRDA:2,0,0,1
BRDA:4,1,0,1
BRDA:8,2,0,1
BRDA:8,3,0,1
BRDA:9,4,0,1
BRDA:11,5,0,6
BRDA:12,6,0,1
BRDA:14,7,0,5
BRDA:15,8,0,1
BRDA:17,9,0,4
BRDA:19,10,0,50
BRDA:22,11,0,6
BRDA:24,12,0,44
BRDA:27,13,0,4
BRDA:32,14,0,40
BRDA:33,15,0,4
BRDA:40,16,0,3
BRDA:41,17,0,1
BRDA:43,18,0,2
BRDA:44,19,0,1
BRDA:48,20,0,6
BRDA:51,21,0,1
BRDA:53,22,0,5
BRDA:56,23,0,1
BRDA:61,24,0,4
BRDA:62,25,0,1
BRF:26
BRH:26
end_of_record
TN:
SF:js/assigment/ReverseString/ReverseString.js
FN:3,ReverseString
FN:7,<instance_members_initializer>
FN:7,reverse
FNF:3
FNH:3
FNDA:2,ReverseString
FNDA:2,<instance_members_initializer>
FNDA:2,reverse
DA:1,1
DA:2,1
DA:3,1
DA:4,2
DA:5,2
DA:6,1
DA:7,1
DA:8,1
LF:8
LH:8
BRDA:3,0,0,2
BRDA:4,1,0,1
BRDA:7,2,0,2
BRDA:7,3,0,2
BRF:4
BRH:4
end_of_record
