TN:
SF:js/Book/Book.js
FN:2,<instance_members_initializer>
FN:8,Book
FN:16,toString
FN:17,getId
FN:18,setId
FN:19,getTitle
FN:20,setTitle
FN:21,getPages
FN:22,setPages
FN:23,getAuthor
FN:24,setAuthor
FN:25,getIsRead
FN:26,setIsRead
FN:27,toogleRead
FNF:14
FNH:2
FNDA:1,<instance_members_initializer>
FNDA:1,Book
FNDA:0,toString
FNDA:0,getId
FNDA:0,setId
FNDA:0,getTitle
FNDA:0,setTitle
FNDA:0,getPages
FNDA:0,setPages
FNDA:0,getAuthor
FNDA:0,setAuthor
FNDA:0,getIsRead
FNDA:0,setIsRead
FNDA:0,toogleRead
DA:1,1
DA:2,1
DA:3,1
DA:4,1
DA:5,1
DA:6,1
DA:7,1
DA:8,1
DA:9,1
DA:10,1
DA:11,1
DA:12,1
DA:13,1
DA:14,1
DA:15,1
DA:16,1
DA:17,1
DA:18,1
DA:19,1
DA:20,1
DA:21,1
DA:22,1
DA:23,1
DA:24,1
DA:25,1
DA:26,1
DA:27,1
DA:28,1
LF:28
LH:28
BRDA:2,0,0,1
BRDA:8,1,0,1
BRF:2
BRH:2
end_of_record
TN:
SF:js/Library/Library.js
FN:7,<instance_members_initializer>
FN:8,Library
FN:12,loadBooks
FN:22,getBooks
FN:23,setBooks
FN:24,persist
FN:27,getTotalRead
FN:36,add
FNF:8
FNH:4
FNDA:1,<instance_members_initializer>
FNDA:1,Library
FNDA:1,loadBooks
FNDA:1,getBooks
FNDA:0,setBooks
FNDA:0,persist
FNDA:0,getTotalRead
FNDA:0,add
DA:1,1
DA:2,1
DA:3,1
DA:4,1
DA:5,1
DA:6,1
DA:7,1
DA:8,1
DA:9,1
DA:10,1
DA:11,1
DA:12,1
DA:13,1
DA:14,1
DA:15,1
DA:16,1
DA:17,1
DA:18,1
DA:19,1
DA:20,1
DA:21,1
DA:22,1
DA:23,1
DA:24,1
DA:25,0
DA:26,0
DA:27,1
DA:28,0
DA:29,0
DA:30,0
DA:31,0
DA:32,0
DA:33,1
DA:34,1
DA:35,1
DA:36,1
DA:37,0
DA:38,0
DA:39,0
DA:40,0
DA:41,0
DA:42,1
DA:43,1
LF:43
LH:31
BRDA:7,0,0,1
BRDA:8,1,0,1
BRDA:12,2,0,1
BRDA:19,3,0,0
BRDA:17,4,0,1
BRDA:22,5,0,1
BRF:6
BRH:5
end_of_record
